d:\projekty\raytracer\x64\debug\vc143.pdb
d:\projekty\raytracer\x64\debug\vc143.idb
d:\projekty\raytracer\x64\debug\cudahelpers.obj
d:\projekty\raytracer\x64\debug\kernel.cu.obj
d:\projekty\raytracer\x64\debug\raytracer.lib
d:\projekty\raytracer\x64\debug\raytracer.exp
d:\projekty\raytracer\x64\debug\kernel.cu.cache
d:\projekty\raytracer\x64\debug\raytracer.pdb
d:\projekty\raytracer\x64\debug\raytracer.tlog\cl.command.1.tlog
d:\projekty\raytracer\x64\debug\raytracer.tlog\cl.read.1.tlog
d:\projekty\raytracer\x64\debug\raytracer.tlog\cl.write.1.tlog
d:\projekty\raytracer\x64\debug\raytracer.tlog\cudacompile.read.1u.tlog
d:\projekty\raytracer\x64\debug\raytracer.tlog\cudacompile.write.1u.tlog
d:\projekty\raytracer\x64\debug\raytracer.tlog\link-cvtres.read.1.tlog
d:\projekty\raytracer\x64\debug\raytracer.tlog\link-cvtres.write.1.tlog
d:\projekty\raytracer\x64\debug\raytracer.tlog\link-rc.read.1.tlog
d:\projekty\raytracer\x64\debug\raytracer.tlog\link-rc.write.1.tlog
d:\projekty\raytracer\x64\debug\raytracer.tlog\link.10112-cvtres.read.1.tlog
d:\projekty\raytracer\x64\debug\raytracer.tlog\link.10112-cvtres.write.1.tlog
d:\projekty\raytracer\x64\debug\raytracer.tlog\link.10112-rc.read.1.tlog
d:\projekty\raytracer\x64\debug\raytracer.tlog\link.10112-rc.write.1.tlog
d:\projekty\raytracer\x64\debug\raytracer.tlog\link.10112.read.1.tlog
d:\projekty\raytracer\x64\debug\raytracer.tlog\link.10112.read.2.tlog
d:\projekty\raytracer\x64\debug\raytracer.tlog\link.10112.write.1.tlog
d:\projekty\raytracer\x64\debug\raytracer.tlog\link.command.1.tlog
d:\projekty\raytracer\x64\debug\raytracer.tlog\link.read.1.tlog
d:\projekty\raytracer\x64\debug\raytracer.tlog\link.read.2.tlog
d:\projekty\raytracer\x64\debug\raytracer.tlog\link.write.1.tlog
d:\projekty\raytracer\x64\debug\raytracer.tlog\link.write.2u.tlog
